Using pre-set license
Built from '2022.3/release' branch; Version is '2022.3.18f1 (d29bea25151d) revision 13802474'; Using compiler version '192829333'; Build Type 'Release'
OS: 'Windows 11  (10.0.22631) 64bit Professional' Language: 'tr' Physical Memory: 16121 MB
BatchMode: 1, IsHumanControllingUs: 0, StartBugReporterOnCrash: 0, Is64bit: 1, IsPro: 1

COMMAND LINE ARGUMENTS:
C:\Program Files\Unity\Hub\Editor\2022.3.18f1\Editor\Unity.exe
-adb2
-batchMode
-noUpm
-name
AssetImportWorker0
-projectPath
C:/Users/atcib/OneDrive/Masaüstü/AI-GameJam
-logFile
Logs/AssetImportWorker0.log
-srvPort
56565
Successfully changed project path to: C:/Users/atcib/OneDrive/Masaüstü/AI-GameJam
C:/Users/atcib/OneDrive/Masaüstü/AI-GameJam
[UnityMemory] Configuration Parameters - Can be set up in boot.config
    "memorysetup-bucket-allocator-granularity=16"
    "memorysetup-bucket-allocator-bucket-count=8"
    "memorysetup-bucket-allocator-block-size=33554432"
    "memorysetup-bucket-allocator-block-count=8"
    "memorysetup-main-allocator-block-size=16777216"
    "memorysetup-thread-allocator-block-size=16777216"
    "memorysetup-gfx-main-allocator-block-size=16777216"
    "memorysetup-gfx-thread-allocator-block-size=16777216"
    "memorysetup-cache-allocator-block-size=4194304"
    "memorysetup-typetree-allocator-block-size=2097152"
    "memorysetup-profiler-bucket-allocator-granularity=16"
    "memorysetup-profiler-bucket-allocator-bucket-count=8"
    "memorysetup-profiler-bucket-allocator-block-size=33554432"
    "memorysetup-profiler-bucket-allocator-block-count=8"
    "memorysetup-profiler-allocator-block-size=16777216"
    "memorysetup-profiler-editor-allocator-block-size=1048576"
    "memorysetup-temp-allocator-size-main=16777216"
    "memorysetup-job-temp-allocator-block-size=2097152"
    "memorysetup-job-temp-allocator-block-size-background=1048576"
    "memorysetup-job-temp-allocator-reduction-small-platforms=262144"
    "memorysetup-allocator-temp-initial-block-size-main=262144"
    "memorysetup-allocator-temp-initial-block-size-worker=262144"
    "memorysetup-temp-allocator-size-background-worker=32768"
    "memorysetup-temp-allocator-size-job-worker=262144"
    "memorysetup-temp-allocator-size-preload-manager=33554432"
    "memorysetup-temp-allocator-size-nav-mesh-worker=65536"
    "memorysetup-temp-allocator-size-audio-worker=65536"
    "memorysetup-temp-allocator-size-cloud-worker=32768"
    "memorysetup-temp-allocator-size-gi-baking-worker=262144"
    "memorysetup-temp-allocator-size-gfx=262144"
Player connection [18952] Host "[IP] 192.168.1.38 [Port] 0 [Flags] 2 [Guid] 204036861 [EditorId] 204036861 [Version] 1048832 [Id] WindowsEditor(7,Kuroi_Mizu) [Debug] 1 [PackageName] WindowsEditor [ProjectName] Editor" joined multi-casting on [225.0.0.222:54997]...

Player connection [18952] Host "[IP] 192.168.1.38 [Port] 0 [Flags] 2 [Guid] 204036861 [EditorId] 204036861 [Version] 1048832 [Id] WindowsEditor(7,Kuroi_Mizu) [Debug] 1 [PackageName] WindowsEditor [ProjectName] Editor" joined alternative multi-casting on [225.0.0.222:34997]...

[Physics::Module] Initialized MultithreadedJobDispatcher with 27 workers.
Refreshing native plugins compatible for Editor in 3.84 ms, found 3 plugins.
Preloading 0 native plugins for Editor in 0.00 ms.
Initialize engine version: 2022.3.18f1 (d29bea25151d)
[Subsystems] Discovering subsystems at path C:/Program Files/Unity/Hub/Editor/2022.3.18f1/Editor/Data/Resources/UnitySubsystems
[Subsystems] Discovering subsystems at path C:/Users/atcib/OneDrive/Masaüstü/AI-GameJam/Assets
GfxDevice: creating device client; threaded=0; jobified=0
Direct3D:
    Version:  Direct3D 11.0 [level 11.1]
    Renderer: NVIDIA GeForce RTX 4070 Ti (ID=0x2782)
    Vendor:   NVIDIA
    VRAM:     11996 MB
    Driver:   31.0.15.5244
Initialize mono
Mono path[0] = 'C:/Program Files/Unity/Hub/Editor/2022.3.18f1/Editor/Data/Managed'
Mono path[1] = 'C:/Program Files/Unity/Hub/Editor/2022.3.18f1/Editor/Data/MonoBleedingEdge/lib/mono/unityjit-win32'
Mono config path = 'C:/Program Files/Unity/Hub/Editor/2022.3.18f1/Editor/Data/MonoBleedingEdge/etc'
Using monoOptions --debugger-agent=transport=dt_socket,embedding=1,server=y,suspend=n,address=127.0.0.1:56600
Begin MonoManager ReloadAssembly
Registering precompiled unity dll's ...
Register platform support module: C:/Program Files/Unity/Hub/Editor/2022.3.18f1/Editor/Data/PlaybackEngines/WindowsStandaloneSupport/UnityEditor.WindowsStandalone.Extensions.dll
Registered in 0.002914 seconds.
- Loaded All Assemblies, in  0.200 seconds
Native extension for WindowsStandalone target not found
Mono: successfully reloaded assembly
- Finished resetting the current domain, in  0.148 seconds
Domain Reload Profiling: 348ms
	BeginReloadAssembly (66ms)
		ExecutionOrderSort (0ms)
		DisableScriptedObjects (0ms)
		BackupInstance (0ms)
		ReleaseScriptingObjects (0ms)
		CreateAndSetChildDomain (0ms)
	RebuildCommonClasses (19ms)
	RebuildNativeTypeToScriptingClass (6ms)
	initialDomainReloadingComplete (33ms)
	LoadAllAssembliesAndSetupDomain (76ms)
		LoadAssemblies (65ms)
		RebuildTransferFunctionScriptingTraits (0ms)
		AnalyzeDomain (75ms)
			TypeCache.Refresh (74ms)
				TypeCache.ScanAssembly (66ms)
			ScanForSourceGeneratedMonoScriptInfo (0ms)
			ResolveRequiredComponents (0ms)
	FinalizeReload (148ms)
		ReleaseScriptCaches (0ms)
		RebuildScriptCaches (0ms)
		SetupLoadedEditorAssemblies (117ms)
			LogAssemblyErrors (0ms)
			InitializePlatformSupportModulesInManaged (4ms)
			SetLoadedEditorAssemblies (4ms)
			RefreshPlugins (0ms)
			BeforeProcessingInitializeOnLoad (1ms)
			ProcessInitializeOnLoadAttributes (80ms)
			ProcessInitializeOnLoadMethodAttributes (27ms)
			AfterProcessingInitializeOnLoad (0ms)
			EditorAssembliesLoaded (0ms)
		ExecutionOrderSort2 (0ms)
		AwakeInstancesAfterBackupRestoration (0ms)
========================================================================
Worker process is ready to serve import requests
Begin MonoManager ReloadAssembly
- Loaded All Assemblies, in  0.363 seconds
Refreshing native plugins compatible for Editor in 1.26 ms, found 3 plugins.
Native extension for WindowsStandalone target not found
Package Manager log level set to [2]
[Package Manager] Server::EnsureServerProcessIsRunning -- launch failed, reason: Unity was launched with the -noUpm command-line argument
[Package Manager] UpmClient::Send -- Unable to send message (not connected to UPM process).
[Package Manager] Cannot connect to Unity Package Manager local server
Mono: successfully reloaded assembly
- Finished resetting the current domain, in  0.309 seconds
Domain Reload Profiling: 671ms
	BeginReloadAssembly (84ms)
		ExecutionOrderSort (0ms)
		DisableScriptedObjects (3ms)
		BackupInstance (0ms)
		ReleaseScriptingObjects (0ms)
		CreateAndSetChildDomain (12ms)
	RebuildCommonClasses (18ms)
	RebuildNativeTypeToScriptingClass (6ms)
	initialDomainReloadingComplete (23ms)
	LoadAllAssembliesAndSetupDomain (231ms)
		LoadAssemblies (187ms)
		RebuildTransferFunctionScriptingTraits (0ms)
		AnalyzeDomain (94ms)
			TypeCache.Refresh (83ms)
				TypeCache.ScanAssembly (74ms)
			ScanForSourceGeneratedMonoScriptInfo (8ms)
			ResolveRequiredComponents (2ms)
	FinalizeReload (310ms)
		ReleaseScriptCaches (0ms)
		RebuildScriptCaches (0ms)
		SetupLoadedEditorAssemblies (231ms)
			LogAssemblyErrors (0ms)
			InitializePlatformSupportModulesInManaged (4ms)
			SetLoadedEditorAssemblies (3ms)
			RefreshPlugins (0ms)
			BeforeProcessingInitializeOnLoad (32ms)
			ProcessInitializeOnLoadAttributes (178ms)
			ProcessInitializeOnLoadMethodAttributes (12ms)
			AfterProcessingInitializeOnLoad (3ms)
			EditorAssembliesLoaded (0ms)
		ExecutionOrderSort2 (0ms)
		AwakeInstancesAfterBackupRestoration (4ms)
Launched and connected shader compiler UnityShaderCompiler.exe after 0.05 seconds
Refreshing native plugins compatible for Editor in 1.71 ms, found 3 plugins.
Preloading 0 native plugins for Editor in 0.00 ms.
Unloading 3111 Unused Serialized files (Serialized files now loaded: 0)
Unloading 32 unused Assets / (57.5 KB). Loaded Objects now: 3573.
Memory consumption went from 128.2 MB to 128.2 MB.
Total: 3.423100 ms (FindLiveObjects: 0.208800 ms CreateObjectMapping: 0.078700 ms MarkObjects: 3.020900 ms  DeleteObjects: 0.113400 ms)

AssetImportParameters requested are different than current active one (requested -> active):
  custom:container-demuxer-ogg: 62fdf1f143b41e24485cea50d1cbac27 -> 
  custom:video-codec-MediaFoundation-h265: 746d11721c4dcdbdad8f713fa42b33f4 -> 
  custom:video-decoder-ogg-theora: a1e56fd34408186e4bbccfd4996cb3dc -> 
  custom:framework-win-MediaFoundation: 216162199b28c13a410421893ffa2e32 -> 
  custom:CustomObjectIndexerAttribute: 6d391050e5a25f67b0a2c618074f2cd9 -> 
  custom:container-demuxer-webm: 4f35f7cbe854078d1ac9338744f61a02 -> 
  custom:container-muxer-webm: aa71ff27fc2769a1b78a27578f13a17b -> 
  custom:video-decoder-webm-vp8: 9c59270c3fd7afecdb556c50c9e8de78 -> 
  custom:SearchIndexIgnoredProperties: e643bd26f0fe6173181afceb89e7c659 -> 
  custom:AudioImporter_EditorPlatform: d09bf68614088b80899f8185d706f6e7 -> 
  custom:video-encoder-webm-vp8: eb34c28f22e8b96e1ab97ce403110664 -> 
  custom:audio-decoder-ogg-vorbis: bf7c407c2cedff20999df2af8eb42d56 -> 
  custom:audio-encoder-webm-vorbis: bf7c407c2cedff20999df2af8eb42d56 -> 
========================================================================
Received Import Request.
  Time since last request: 373957.073423 seconds.
  path: Assets/Scripts
  artifactKey: Guid(37dcbcb6ba745364dbc7777fe96426de) Importer(815301076,1909f56bfc062723c751e8b465ee728b)
Start importing Assets/Scripts using Guid(37dcbcb6ba745364dbc7777fe96426de) Importer(815301076,1909f56bfc062723c751e8b465ee728b)  -> (artifact id: '77e728be72318e40b019a0c1496fa585') in 0.001914 seconds
Number of updated asset objects reloaded before import = 0
Number of asset objects unloaded after import = 0
========================================================================
Received Import Request.
  Time since last request: 8.630151 seconds.
  path: Assets/Scripts/QuestionSO.cs
  artifactKey: Guid(88640b842849c9949af1beb541374b22) Importer(815301076,1909f56bfc062723c751e8b465ee728b)
Start importing Assets/Scripts/QuestionSO.cs using Guid(88640b842849c9949af1beb541374b22) Importer(815301076,1909f56bfc062723c751e8b465ee728b)  -> (artifact id: '7b0297650553944fcdf1515319c40689') in 0.000378 seconds
Number of updated asset objects reloaded before import = 0
Number of asset objects unloaded after import = 0
========================================================================
Received Import Request.
  Time since last request: 47.187851 seconds.
  path: Assets/Scripts/Quiz.cs
  artifactKey: Guid(c5c2a27a8ea6b1444921f2f8baa6a954) Importer(815301076,1909f56bfc062723c751e8b465ee728b)
Start importing Assets/Scripts/Quiz.cs using Guid(c5c2a27a8ea6b1444921f2f8baa6a954) Importer(815301076,1909f56bfc062723c751e8b465ee728b)  -> (artifact id: '95c04536bcc4fe6c8ca9f44aa62804e3') in 0.000630 seconds
Number of updated asset objects reloaded before import = 0
Number of asset objects unloaded after import = 0
========================================================================
Received Import Request.
  Time since last request: 64.863155 seconds.
  path: Assets/Scripts/GameManager.cs
  artifactKey: Guid(92cc7d7c15d91e84887849ff991d15a0) Importer(815301076,1909f56bfc062723c751e8b465ee728b)
Start importing Assets/Scripts/GameManager.cs using Guid(92cc7d7c15d91e84887849ff991d15a0) Importer(815301076,1909f56bfc062723c751e8b465ee728b)  -> (artifact id: 'ff066a52943472c65d736ddd4f131883') in 0.000386 seconds
Number of updated asset objects reloaded before import = 0
Number of asset objects unloaded after import = 0
========================================================================
Received Import Request.
  Time since last request: 4.591138 seconds.
  path: Assets/Scripts/Timer.cs
  artifactKey: Guid(1a4d5015c82d85e49b57d405d5d36e4c) Importer(815301076,1909f56bfc062723c751e8b465ee728b)
Start importing Assets/Scripts/Timer.cs using Guid(1a4d5015c82d85e49b57d405d5d36e4c) Importer(815301076,1909f56bfc062723c751e8b465ee728b)  -> (artifact id: '2d71d0d9463363b9b89eb272bf9f6c2c') in 0.000327 seconds
Number of updated asset objects reloaded before import = 0
Number of asset objects unloaded after import = 0
========================================================================
Received Import Request.
  Time since last request: 275.841854 seconds.
  path: Assets/ScriptsS/RobotAnswer.cs
  artifactKey: Guid(7c8eb736375f1437694d299857c3da4d) Importer(815301076,1909f56bfc062723c751e8b465ee728b)
Start importing Assets/ScriptsS/RobotAnswer.cs using Guid(7c8eb736375f1437694d299857c3da4d) Importer(815301076,1909f56bfc062723c751e8b465ee728b)  -> (artifact id: '7afe8dbeaa7cdb5ae999dbda71b3ea30') in 0.000726 seconds
Number of updated asset objects reloaded before import = 0
Number of asset objects unloaded after import = 0
========================================================================
Received Import Request.
  Time since last request: 25.688394 seconds.
  path: Assets/ScriptsS/TimeTravelButton.cs
  artifactKey: Guid(a15e67dcc140042adb70ef99083a3a20) Importer(815301076,1909f56bfc062723c751e8b465ee728b)
Start importing Assets/ScriptsS/TimeTravelButton.cs using Guid(a15e67dcc140042adb70ef99083a3a20) Importer(815301076,1909f56bfc062723c751e8b465ee728b)  -> (artifact id: '1d431741bbb75f0da0c8cc99a6e2aa90') in 0.000402 seconds
Number of updated asset objects reloaded before import = 0
Number of asset objects unloaded after import = 0
========================================================================
Received Import Request.
  Time since last request: 3.110564 seconds.
  path: Assets/Sprites/background.png
  artifactKey: Guid(b31bdfb3c6d92fb409200628da5f8516) Importer(815301076,1909f56bfc062723c751e8b465ee728b)
Start importing Assets/Sprites/background.png using Guid(b31bdfb3c6d92fb409200628da5f8516) Importer(815301076,1909f56bfc062723c751e8b465ee728b)  -> (artifact id: '35a1dfa6b577e71e9aed32b1c9dfb437') in 0.078718 seconds
Number of updated asset objects reloaded before import = 0
Number of asset objects unloaded after import = 3
========================================================================
Received Import Request.
  Time since last request: 0.000015 seconds.
  path: Assets/Sprites/neon_square_blue.png
  artifactKey: Guid(eb17794b7adb11849a712252ec8257c1) Importer(815301076,1909f56bfc062723c751e8b465ee728b)
Start importing Assets/Sprites/neon_square_blue.png using Guid(eb17794b7adb11849a712252ec8257c1) Importer(815301076,1909f56bfc062723c751e8b465ee728b)  -> (artifact id: '169e8db263a7ea43cf883e2ce94abb6b') in 0.014534 seconds
Number of updated asset objects reloaded before import = 0
Number of asset objects unloaded after import = 3
========================================================================
Received Import Request.
  Time since last request: 0.000011 seconds.
  path: Assets/Sprites/Quiz Master - Gameplay Overview 3.png
  artifactKey: Guid(771386153a87fce46aaee0d9bfa4a8d1) Importer(815301076,1909f56bfc062723c751e8b465ee728b)
Start importing Assets/Sprites/Quiz Master - Gameplay Overview 3.png using Guid(771386153a87fce46aaee0d9bfa4a8d1) Importer(815301076,1909f56bfc062723c751e8b465ee728b)  -> (artifact id: '5548f201277ab03a1e912de70abf1ffc') in 0.012122 seconds
Number of updated asset objects reloaded before import = 0
Number of asset objects unloaded after import = 3
========================================================================
Received Import Request.
  Time since last request: 0.000010 seconds.
  path: Assets/Sprites/Quiz Master - Gameplay Overview 1.png
  artifactKey: Guid(1c07050402158ec4884acb121ecc6364) Importer(815301076,1909f56bfc062723c751e8b465ee728b)
Start importing Assets/Sprites/Quiz Master - Gameplay Overview 1.png using Guid(1c07050402158ec4884acb121ecc6364) Importer(815301076,1909f56bfc062723c751e8b465ee728b)  -> (artifact id: '3b852d35b89ded04453c696135876907') in 0.012185 seconds
Number of updated asset objects reloaded before import = 0
Number of asset objects unloaded after import = 3
========================================================================
Received Import Request.
  Time since last request: 15.289379 seconds.
  path: Assets/Prefabs/AnswerButton.prefab
  artifactKey: Guid(642013b3a62dd58459d01bfd1f21be58) Importer(815301076,1909f56bfc062723c751e8b465ee728b)
Start importing Assets/Prefabs/AnswerButton.prefab using Guid(642013b3a62dd58459d01bfd1f21be58) Importer(815301076,1909f56bfc062723c751e8b465ee728b)  -> (artifact id: '6afec3c68fe987436120d166f7733a9d') in 0.029693 seconds
Number of updated asset objects reloaded before import = 0
Number of asset objects unloaded after import = 20
========================================================================
Received Import Request.
  Time since last request: 2.133630 seconds.
  path: Assets/Models/Robot
  artifactKey: Guid(d7233b7a108ea43e79a25ebb2124fe88) Importer(815301076,1909f56bfc062723c751e8b465ee728b)
Start importing Assets/Models/Robot using Guid(d7233b7a108ea43e79a25ebb2124fe88) Importer(815301076,1909f56bfc062723c751e8b465ee728b)  -> (artifact id: '19c7d507ccac0a9356c300eff3375760') in 0.000435 seconds
Number of updated asset objects reloaded before import = 0
Number of asset objects unloaded after import = 0
========================================================================
Received Import Request.
  Time since last request: 1.330164 seconds.
  path: Assets/Models/Robot/Ch44_1001_Diffuse.png
  artifactKey: Guid(755c16b92260c487e8384e5e7bf40d16) Importer(815301076,1909f56bfc062723c751e8b465ee728b)
Start importing Assets/Models/Robot/Ch44_1001_Diffuse.png using Guid(755c16b92260c487e8384e5e7bf40d16) Importer(815301076,1909f56bfc062723c751e8b465ee728b)  -> (artifact id: '2ca76061d6cb562175a08fe2707125aa') in 0.024187 seconds
Number of updated asset objects reloaded before import = 0
Number of asset objects unloaded after import = 2
========================================================================
Received Import Request.
  Time since last request: 0.000010 seconds.
  path: Assets/Models/Robot/T-Pose.fbx
  artifactKey: Guid(e5295c851e2ba495e9027387b7043afb) Importer(815301076,1909f56bfc062723c751e8b465ee728b)
Start importing Assets/Models/Robot/T-Pose.fbx using Guid(e5295c851e2ba495e9027387b7043afb) Importer(815301076,1909f56bfc062723c751e8b465ee728b)  -> (artifact id: '58f996da63c5c505222f75e2dc761fb7') in 0.090204 seconds
Number of updated asset objects reloaded before import = 0
Number of asset objects unloaded after import = 147
========================================================================
Received Import Request.
  Time since last request: 0.000012 seconds.
  path: Assets/Models/Robot/Ch44_1002_Glossiness.png
  artifactKey: Guid(78ea23648989f438dbe5bfabf00f1aaf) Importer(815301076,1909f56bfc062723c751e8b465ee728b)
Start importing Assets/Models/Robot/Ch44_1002_Glossiness.png using Guid(78ea23648989f438dbe5bfabf00f1aaf) Importer(815301076,1909f56bfc062723c751e8b465ee728b)  -> (artifact id: '70b59fc0ac3ae5b945cebd6576bc00a0') in 0.012301 seconds
Number of updated asset objects reloaded before import = 0
Number of asset objects unloaded after import = 2
========================================================================
Received Import Request.
  Time since last request: 4.442025 seconds.
  path: Assets/Models/Robot/Animations
  artifactKey: Guid(4690afe522c694e93a09f78e12ba9605) Importer(815301076,1909f56bfc062723c751e8b465ee728b)
Start importing Assets/Models/Robot/Animations using Guid(4690afe522c694e93a09f78e12ba9605) Importer(815301076,1909f56bfc062723c751e8b465ee728b)  -> (artifact id: '8f96bd47aa18ff6629b6834f682303d6') in 0.000554 seconds
Number of updated asset objects reloaded before import = 0
Number of asset objects unloaded after import = 0
========================================================================
Received Import Request.
  Time since last request: 0.203577 seconds.
  path: Assets/Models/Robot/Animations/HandUpIdle.fbx
  artifactKey: Guid(b133d7eb730e0424cbb67ab0182e4078) Importer(815301076,1909f56bfc062723c751e8b465ee728b)
Start importing Assets/Models/Robot/Animations/HandUpIdle.fbx using Guid(b133d7eb730e0424cbb67ab0182e4078) Importer(815301076,1909f56bfc062723c751e8b465ee728b)  -> (artifact id: '20a05f2a195f359351e2e01d0fe72072') in 0.038924 seconds
Number of updated asset objects reloaded before import = 0
Number of asset objects unloaded after import = 147
========================================================================
Received Import Request.
  Time since last request: 0.000011 seconds.
  path: Assets/Models/Robot/Animations/Sitting Idle.fbx
  artifactKey: Guid(cedf3b697654249a0803fc4c07a4d93c) Importer(815301076,1909f56bfc062723c751e8b465ee728b)
Start importing Assets/Models/Robot/Animations/Sitting Idle.fbx using Guid(cedf3b697654249a0803fc4c07a4d93c) Importer(815301076,1909f56bfc062723c751e8b465ee728b)  -> (artifact id: '490a3bec6f4520248d9bf784602e05d7') in 0.027822 seconds
Number of updated asset objects reloaded before import = 0
Number of asset objects unloaded after import = 147
========================================================================
Received Import Request.
  Time since last request: 0.000011 seconds.
  path: Assets/Models/Robot/Animations/RobotBoxingIdle.fbx
  artifactKey: Guid(6c1759ed8498c453982d8b69dca1824b) Importer(815301076,1909f56bfc062723c751e8b465ee728b)
Start importing Assets/Models/Robot/Animations/RobotBoxingIdle.fbx using Guid(6c1759ed8498c453982d8b69dca1824b) Importer(815301076,1909f56bfc062723c751e8b465ee728b)  -> (artifact id: '221822d510c351e7859ad277988ce11c') in 0.030645 seconds
Number of updated asset objects reloaded before import = 0
Number of asset objects unloaded after import = 147
========================================================================
Received Import Request.
  Time since last request: 0.000013 seconds.
  path: Assets/Models/Robot/Animations/LeftPunching.fbx
  artifactKey: Guid(0a09deb7d7afd4ce186b1b66df925006) Importer(815301076,1909f56bfc062723c751e8b465ee728b)
Start importing Assets/Models/Robot/Animations/LeftPunching.fbx using Guid(0a09deb7d7afd4ce186b1b66df925006) Importer(815301076,1909f56bfc062723c751e8b465ee728b)  -> (artifact id: 'bb06fbe7da100a23b2c21fe7dcf38446') in 0.029919 seconds
Number of updated asset objects reloaded before import = 0
Number of asset objects unloaded after import = 147
========================================================================
Received Import Request.
  Time since last request: 0.000017 seconds.
  path: Assets/Models/Robot/Animations/RightPunching.fbx
  artifactKey: Guid(b1d9948c925214022bea89775bfc612a) Importer(815301076,1909f56bfc062723c751e8b465ee728b)
Start importing Assets/Models/Robot/Animations/RightPunching.fbx using Guid(b1d9948c925214022bea89775bfc612a) Importer(815301076,1909f56bfc062723c751e8b465ee728b)  -> (artifact id: 'b0f1263eca6d19f4209b95f8800fe04f') in 0.030565 seconds
Number of updated asset objects reloaded before import = 0
Number of asset objects unloaded after import = 147
========================================================================
Received Import Request.
  Time since last request: 12.204345 seconds.
  path: Assets/Models/Robot/Materials
  artifactKey: Guid(61a344422952f47fea129f54f9dee51e) Importer(815301076,1909f56bfc062723c751e8b465ee728b)
Start importing Assets/Models/Robot/Materials using Guid(61a344422952f47fea129f54f9dee51e) Importer(815301076,1909f56bfc062723c751e8b465ee728b)  -> (artifact id: '18bb873c1a5d5320fbc02754cd544c84') in 0.000589 seconds
Number of updated asset objects reloaded before import = 0
Number of asset objects unloaded after import = 0
========================================================================
Received Import Request.
  Time since last request: 2.090297 seconds.
  path: Assets/Models/Student
  artifactKey: Guid(236bacc0047bf4aa5807dbab9d8a4acd) Importer(815301076,1909f56bfc062723c751e8b465ee728b)
Start importing Assets/Models/Student using Guid(236bacc0047bf4aa5807dbab9d8a4acd) Importer(815301076,1909f56bfc062723c751e8b465ee728b)  -> (artifact id: '083567db6531a03b6f9eb2b501b51c36') in 0.000425 seconds
Number of updated asset objects reloaded before import = 0
Number of asset objects unloaded after import = 0
========================================================================
Received Import Request.
  Time since last request: 0.052141 seconds.
  path: Assets/Models/Student/LeftElbow Punching.fbx
  artifactKey: Guid(be3672e1dd5bd4f2ebd0d3afd46569d2) Importer(815301076,1909f56bfc062723c751e8b465ee728b)
Start importing Assets/Models/Student/LeftElbow Punching.fbx using Guid(be3672e1dd5bd4f2ebd0d3afd46569d2) Importer(815301076,1909f56bfc062723c751e8b465ee728b)  -> (artifact id: 'b51f45e0323b82d137a55ddf84a1e471') in 0.131457 seconds
Number of updated asset objects reloaded before import = 0
Number of asset objects unloaded after import = 183
========================================================================
Received Import Request.
  Time since last request: 0.000011 seconds.
  path: Assets/Models/Student/Remy_Top_Specular.png
  artifactKey: Guid(4d3e3b91120f84fd1870c0ff5a6a1fc9) Importer(815301076,1909f56bfc062723c751e8b465ee728b)
Start importing Assets/Models/Student/Remy_Top_Specular.png using Guid(4d3e3b91120f84fd1870c0ff5a6a1fc9) Importer(815301076,1909f56bfc062723c751e8b465ee728b)  -> (artifact id: '6f1ba73559f50fea7bd24495aae71620') in 0.018426 seconds
Number of updated asset objects reloaded before import = 0
Number of asset objects unloaded after import = 2
========================================================================
Received Import Request.
  Time since last request: 0.000017 seconds.
  path: Assets/Models/Student/Remy_Hair_Gloss.png
  artifactKey: Guid(992735fc4c7bc4be5ab5da1ad17376cc) Importer(815301076,1909f56bfc062723c751e8b465ee728b)
Start importing Assets/Models/Student/Remy_Hair_Gloss.png using Guid(992735fc4c7bc4be5ab5da1ad17376cc) Importer(815301076,1909f56bfc062723c751e8b465ee728b)  -> (artifact id: '4971b42e52fb3d616fc7a9346bfb2a34') in 0.011998 seconds
Number of updated asset objects reloaded before import = 0
Number of asset objects unloaded after import = 2
========================================================================
Received Import Request.
  Time since last request: 0.000011 seconds.
  path: Assets/Models/Student/Remy_Body_Normal.png
  artifactKey: Guid(44e144b743f7949bb9709eaac121ab06) Importer(815301076,1909f56bfc062723c751e8b465ee728b)
Start importing Assets/Models/Student/Remy_Body_Normal.png using Guid(44e144b743f7949bb9709eaac121ab06) Importer(815301076,1909f56bfc062723c751e8b465ee728b)  -> (artifact id: '957d34f2f6bf236845d045d68202bc91') in 0.016030 seconds
Number of updated asset objects reloaded before import = 0
Number of asset objects unloaded after import = 2
========================================================================
Received Import Request.
  Time since last request: 0.000016 seconds.
  path: Assets/Models/Student/Remy_Top_Diffuse.png
  artifactKey: Guid(905ba7defc74e4e3fb695093f0e3f478) Importer(815301076,1909f56bfc062723c751e8b465ee728b)
Start importing Assets/Models/Student/Remy_Top_Diffuse.png using Guid(905ba7defc74e4e3fb695093f0e3f478) Importer(815301076,1909f56bfc062723c751e8b465ee728b)  -> (artifact id: '8bd16071c41ab919c10ab14de2c4ea5f') in 0.011929 seconds
Number of updated asset objects reloaded before import = 0
Number of asset objects unloaded after import = 2
========================================================================
Received Import Request.
  Time since last request: 0.000010 seconds.
  path: Assets/Models/Student/RightElbow Punching.fbx
  artifactKey: Guid(bfede6f1cf8544e128668bf1439835ff) Importer(815301076,1909f56bfc062723c751e8b465ee728b)
Start importing Assets/Models/Student/RightElbow Punching.fbx using Guid(bfede6f1cf8544e128668bf1439835ff) Importer(815301076,1909f56bfc062723c751e8b465ee728b)  -> (artifact id: '86b5b66ccc1f9b1d812d1cf312d839c5') in 0.059933 seconds
Number of updated asset objects reloaded before import = 0
Number of asset objects unloaded after import = 183
========================================================================
Received Import Request.
  Time since last request: 0.000011 seconds.
  path: Assets/Models/Student/Remy_Shoes_Gloss.png
  artifactKey: Guid(d74dee87ec95e4e03a203d44c8bcbd05) Importer(815301076,1909f56bfc062723c751e8b465ee728b)
Start importing Assets/Models/Student/Remy_Shoes_Gloss.png using Guid(d74dee87ec95e4e03a203d44c8bcbd05) Importer(815301076,1909f56bfc062723c751e8b465ee728b)  -> (artifact id: 'ed7478553d1e185536b44d63c6f70640') in 0.011003 seconds
Number of updated asset objects reloaded before import = 0
Number of asset objects unloaded after import = 2
========================================================================
Received Import Request.
  Time since last request: 0.000011 seconds.
  path: Assets/Models/Student/Remy_Shoes_Normal.png
  artifactKey: Guid(27036bccc60e04990b5ea9e624fff48b) Importer(815301076,1909f56bfc062723c751e8b465ee728b)
Start importing Assets/Models/Student/Remy_Shoes_Normal.png using Guid(27036bccc60e04990b5ea9e624fff48b) Importer(815301076,1909f56bfc062723c751e8b465ee728b)  -> (artifact id: '54a29af10572ed6ca80007488cf1d1f0') in 0.010986 seconds
Number of updated asset objects reloaded before import = 0
Number of asset objects unloaded after import = 2
========================================================================
Received Import Request.
  Time since last request: 0.000011 seconds.
  path: Assets/Models/Student/Remy_Hair_Specular.png
  artifactKey: Guid(0d9b1672321104ff0b914de7368438ab) Importer(815301076,1909f56bfc062723c751e8b465ee728b)
Start importing Assets/Models/Student/Remy_Hair_Specular.png using Guid(0d9b1672321104ff0b914de7368438ab) Importer(815301076,1909f56bfc062723c751e8b465ee728b)  -> (artifact id: 'f5449f6e7e8f519cd62606f3a61d4809') in 0.009870 seconds
Number of updated asset objects reloaded before import = 0
Number of asset objects unloaded after import = 2
========================================================================
Received Import Request.
  Time since last request: 0.000010 seconds.
  path: Assets/Models/Student/Remy_Shoes_Diffuse.png
  artifactKey: Guid(5a57aaca2294142f4b6b86f693db2fff) Importer(815301076,1909f56bfc062723c751e8b465ee728b)
Start importing Assets/Models/Student/Remy_Shoes_Diffuse.png using Guid(5a57aaca2294142f4b6b86f693db2fff) Importer(815301076,1909f56bfc062723c751e8b465ee728b)  -> (artifact id: 'a5ec143d4829c3a30029c63b5088e5b9') in 0.012059 seconds
Number of updated asset objects reloaded before import = 0
Number of asset objects unloaded after import = 2
========================================================================
Received Import Request.
  Time since last request: 0.000010 seconds.
  path: Assets/Models/Student/Remy_Top_Gloss.png
  artifactKey: Guid(7badd867ad7d64d42ab45a70fc2fb92b) Importer(815301076,1909f56bfc062723c751e8b465ee728b)
Start importing Assets/Models/Student/Remy_Top_Gloss.png using Guid(7badd867ad7d64d42ab45a70fc2fb92b) Importer(815301076,1909f56bfc062723c751e8b465ee728b)  -> (artifact id: '4815a94a7bbe92440fb71dcbdc7f3099') in 0.012751 seconds
Number of updated asset objects reloaded before import = 0
Number of asset objects unloaded after import = 2
========================================================================
Received Import Request.
  Time since last request: 0.000010 seconds.
  path: Assets/Models/Student/Remy_Shoes_Specular.png
  artifactKey: Guid(b8650cedf85e745b7898e982c0647773) Importer(815301076,1909f56bfc062723c751e8b465ee728b)
Start importing Assets/Models/Student/Remy_Shoes_Specular.png using Guid(b8650cedf85e745b7898e982c0647773) Importer(815301076,1909f56bfc062723c751e8b465ee728b)  -> (artifact id: '2515fbbfd9dec5aae0954541b189cd6f') in 0.012113 seconds
Number of updated asset objects reloaded before import = 0
Number of asset objects unloaded after import = 2
========================================================================
Received Import Request.
  Time since last request: 0.000011 seconds.
  path: Assets/Models/Student/Remy_Bottom_Diffuse.png
  artifactKey: Guid(1da68df898d164644b38294874a19861) Importer(815301076,1909f56bfc062723c751e8b465ee728b)
Start importing Assets/Models/Student/Remy_Bottom_Diffuse.png using Guid(1da68df898d164644b38294874a19861) Importer(815301076,1909f56bfc062723c751e8b465ee728b)  -> (artifact id: 'a8f04ef0c776da8f6aa7e28b71d9b9a3') in 0.011235 seconds
Number of updated asset objects reloaded before import = 0
Number of asset objects unloaded after import = 2
========================================================================
Received Import Request.
  Time since last request: 0.000013 seconds.
  path: Assets/Models/Student/Remy_Top_Normal.png
  artifactKey: Guid(3fccbe648c45c4b18a9a56f6086f50ec) Importer(815301076,1909f56bfc062723c751e8b465ee728b)
Start importing Assets/Models/Student/Remy_Top_Normal.png using Guid(3fccbe648c45c4b18a9a56f6086f50ec) Importer(815301076,1909f56bfc062723c751e8b465ee728b)  -> (artifact id: '1b7de28af2129a35f68c6eb9fccafd2a') in 0.012923 seconds
Number of updated asset objects reloaded before import = 0
Number of asset objects unloaded after import = 2
========================================================================
Received Import Request.
  Time since last request: 0.000015 seconds.
  path: Assets/Models/Student/Remy_Body_Gloss.png
  artifactKey: Guid(6e91d519152e544c3aeefefedc78e20a) Importer(815301076,1909f56bfc062723c751e8b465ee728b)
Start importing Assets/Models/Student/Remy_Body_Gloss.png using Guid(6e91d519152e544c3aeefefedc78e20a) Importer(815301076,1909f56bfc062723c751e8b465ee728b)  -> (artifact id: '54a6e429e669fdd2dde36ec06fe1e21a') in 0.012654 seconds
Number of updated asset objects reloaded before import = 0
Number of asset objects unloaded after import = 2
========================================================================
Received Import Request.
  Time since last request: 0.000013 seconds.
  path: Assets/Models/Student/RightPunching.fbx
  artifactKey: Guid(132576a6a13ee432c8eca9d0895f5deb) Importer(815301076,1909f56bfc062723c751e8b465ee728b)
Start importing Assets/Models/Student/RightPunching.fbx using Guid(132576a6a13ee432c8eca9d0895f5deb) Importer(815301076,1909f56bfc062723c751e8b465ee728b)  -> (artifact id: '8a00d36a9d293cae5774d0da6f33854f') in 0.056553 seconds
Number of updated asset objects reloaded before import = 0
Number of asset objects unloaded after import = 183
========================================================================
Received Import Request.
  Time since last request: 10.600327 seconds.
  path: Assets/FightScene/Ground.mat
  artifactKey: Guid(b63cecdc03c6343f4baad38751ab6070) Importer(815301076,1909f56bfc062723c751e8b465ee728b)
Start importing Assets/FightScene/Ground.mat using Guid(b63cecdc03c6343f4baad38751ab6070) Importer(815301076,1909f56bfc062723c751e8b465ee728b)  -> (artifact id: 'a80c0a73085b758eb58423c6dbf52c2f') in 0.017912 seconds
Number of updated asset objects reloaded before import = 0
Number of asset objects unloaded after import = 1
========================================================================
Received Import Request.
  Time since last request: 80.347447 seconds.
  path: Assets/Models/Robot/Animations/boxingidle.controller
  artifactKey: Guid(bc1c2362a5e6541718c4e284325645ee) Importer(815301076,1909f56bfc062723c751e8b465ee728b)
Start importing Assets/Models/Robot/Animations/boxingidle.controller using Guid(bc1c2362a5e6541718c4e284325645ee) Importer(815301076,1909f56bfc062723c751e8b465ee728b)  -> (artifact id: 'f839e31a5421a847c1b64150526d0d3d') in 0.001933 seconds
Number of updated asset objects reloaded before import = 0
Number of asset objects unloaded after import = 4
========================================================================
Received Import Request.
  Time since last request: 35.257410 seconds.
  path: Assets/Models/Robot/Animations/HandUpIdle.controller
  artifactKey: Guid(958ecd429531f4f1298f31e5ad736aa2) Importer(815301076,1909f56bfc062723c751e8b465ee728b)
Start importing Assets/Models/Robot/Animations/HandUpIdle.controller using Guid(958ecd429531f4f1298f31e5ad736aa2) Importer(815301076,1909f56bfc062723c751e8b465ee728b)  -> (artifact id: '71b2e1bdc2be4730b4e8438517c516b9') in 0.001281 seconds
Number of updated asset objects reloaded before import = 0
Number of asset objects unloaded after import = 4
========================================================================
Received Import Request.
  Time since last request: 3.304623 seconds.
  path: Assets/Models/Robot/Animations/Left Block.controller
  artifactKey: Guid(330f8eba852d840c38b8c3cc00cab0b0) Importer(815301076,1909f56bfc062723c751e8b465ee728b)
Start importing Assets/Models/Robot/Animations/Left Block.controller using Guid(330f8eba852d840c38b8c3cc00cab0b0) Importer(815301076,1909f56bfc062723c751e8b465ee728b)  -> (artifact id: '6d87b9f5b1362abe84b2a9b8da63b295') in 0.001203 seconds
Number of updated asset objects reloaded before import = 0
Number of asset objects unloaded after import = 4
========================================================================
Received Import Request.
  Time since last request: 147.224687 seconds.
  path: Assets/Models/Robot/Animations/LeftPunching.controller
  artifactKey: Guid(cd1f4a73d26004339bdab9c73ab2fb00) Importer(815301076,1909f56bfc062723c751e8b465ee728b)
Start importing Assets/Models/Robot/Animations/LeftPunching.controller using Guid(cd1f4a73d26004339bdab9c73ab2fb00) Importer(815301076,1909f56bfc062723c751e8b465ee728b)  -> (artifact id: 'f905c0db8d51aeee5c654d5ac2f8c47f') in 0.000948 seconds
Number of updated asset objects reloaded before import = 0
Number of asset objects unloaded after import = 2
========================================================================
Received Import Request.
  Time since last request: 2.385571 seconds.
  path: Assets/Models/Robot/Animations/LeftBig Hit To Head.controller
  artifactKey: Guid(9d558eda196b14ee5a3fd189e32fc769) Importer(815301076,1909f56bfc062723c751e8b465ee728b)
Start importing Assets/Models/Robot/Animations/LeftBig Hit To Head.controller using Guid(9d558eda196b14ee5a3fd189e32fc769) Importer(815301076,1909f56bfc062723c751e8b465ee728b)  -> (artifact id: '96703d5591c87eeb4fe9fa418e3660b3') in 0.001314 seconds
Number of updated asset objects reloaded before import = 0
Number of asset objects unloaded after import = 4
========================================================================
Received Import Request.
  Time since last request: 2.849885 seconds.
  path: Assets/Models/Robot/Animations/T-Pose.controller
  artifactKey: Guid(be6c93ccb20d54a45907f776a55de1d3) Importer(815301076,1909f56bfc062723c751e8b465ee728b)
Start importing Assets/Models/Robot/Animations/T-Pose.controller using Guid(be6c93ccb20d54a45907f776a55de1d3) Importer(815301076,1909f56bfc062723c751e8b465ee728b)  -> (artifact id: 'f48c1fe935d7b4c9dacda606c537858b') in 0.001257 seconds
Number of updated asset objects reloaded before import = 0
Number of asset objects unloaded after import = 4
========================================================================
Received Import Request.
  Time since last request: 1.057207 seconds.
  path: Assets/Models/Robot/Animations/sittingidle.controller
  artifactKey: Guid(60e4268d666b94015b7e98e58d3960ad) Importer(815301076,1909f56bfc062723c751e8b465ee728b)
Start importing Assets/Models/Robot/Animations/sittingidle.controller using Guid(60e4268d666b94015b7e98e58d3960ad) Importer(815301076,1909f56bfc062723c751e8b465ee728b)  -> (artifact id: '73b7eb0deca0231f49fc5724ee0c3983') in 0.002238 seconds
Number of updated asset objects reloaded before import = 0
Number of asset objects unloaded after import = 7
========================================================================
Received Import Request.
  Time since last request: 83.646026 seconds.
  path: Assets/Models/Robot/Animations/robotFighting_Anim.controller
  artifactKey: Guid(f0209808b97e1d542a937785095cf7f8) Importer(815301076,1909f56bfc062723c751e8b465ee728b)
Start importing Assets/Models/Robot/Animations/robotFighting_Anim.controller using Guid(f0209808b97e1d542a937785095cf7f8) Importer(815301076,1909f56bfc062723c751e8b465ee728b)  -> (artifact id: 'e06e7cbea3774f2e8cf226310983a2c5') in 0.000732 seconds
Number of updated asset objects reloaded before import = 0
Number of asset objects unloaded after import = 1
